<?xml version="1.0" encoding="UTF-8"?>
<!-- Generated by org.testng.reporters.JUnitReportReporter -->
<testsuite hostname="DESKTOP-IR4AD9F" failures="0" tests="3" name="tests.TestNGConcepts" time="0.018" errors="0" timestamp="12 Jul 2020 15:39:11 GMT" skipped="0">
  <testcase classname="tests.TestNGConcepts" name="logout" time="0.002"/>
  <testcase classname="tests.TestNGConcepts" name="dashboard" time="0.004"/>
  <testcase classname="tests.TestNGConcepts" name="customerPage" time="0.012"/>
</testsuite> <!-- tests.TestNGConcepts -->
